19:53:12.361 INFO [main] org.lenskit.cli.Main: Starting LensKit 3.0-M1 on Java 1.8.0_212 from Oracle Corporation
19:53:12.381 DEBUG [main] org.lenskit.LenskitInfo: have 5573 active revisions
19:53:12.384 DEBUG [main] org.lenskit.cli.Main: Built from Git revision c0210fa3281ef8b15b0959bcd5fced43c5fec38a
19:53:12.385 DEBUG [main] org.lenskit.cli.Main: Using VM 'OpenJDK 64-Bit Server VM' version 25.212-b04 from Oracle Corporation
19:53:12.385 INFO [main] org.lenskit.cli.Main: Have 8 processors and heap limit of 3541 MiB
19:53:12.393 INFO [main] org.lenskit.cli.util.RecommenderLoader: creating fresh recommender
19:53:12.594 INFO [main] org.lenskit.config.ConfigurationLoader: loading script from file:/home/nisreen/Documents/courses/coursera/recommender/Nearest_Neighbor_Collaborative%20Filtering-20191123T170937Z-001/Nearest_Neighbor_Collaborative%20Filtering/projects/uu-assignment/etc/blended.groovy
19:53:12.961 DEBUG [main] org.lenskit.data.dao.file.TextEntitySource: loading source ratings with base URI file:/home/nisreen/Documents/courses/coursera/recommender/Nearest_Neighbor_Collaborative%20Filtering-20191123T170937Z-001/Nearest_Neighbor_Collaborative%20Filtering/projects/uu-assignment/data/movielens.yml
19:53:12.961 DEBUG [main] org.lenskit.data.dao.file.TextEntitySource: resolved file URI: file:/home/nisreen/Documents/courses/coursera/recommender/Nearest_Neighbor_Collaborative%20Filtering-20191123T170937Z-001/Nearest_Neighbor_Collaborative%20Filtering/projects/uu-assignment/data/ratings.csv
19:53:12.967 INFO [main] org.lenskit.data.dao.file.TextEntitySource: loading text file source ratings to read from file:/home/nisreen/Documents/courses/coursera/recommender/Nearest_Neighbor_Collaborative%20Filtering-20191123T170937Z-001/Nearest_Neighbor_Collaborative%20Filtering/projects/uu-assignment/data/ratings.csv
19:53:12.970 DEBUG [main] org.lenskit.data.dao.file.TextEntitySource: ratings: using delimiter ,
19:53:12.970 DEBUG [main] org.lenskit.data.dao.file.TextEntitySource: ratings: reading header
19:53:12.970 DEBUG [main] org.lenskit.data.dao.file.TextEntitySource: ratings: reading entities of type EntityType[rating]
19:53:12.997 DEBUG [main] org.lenskit.data.dao.file.TextEntitySource: class org.lenskit.data.ratings.RatingBuilder: using entity builder {}
19:53:12.997 DEBUG [main] org.lenskit.data.dao.file.TextEntitySource: loading source movies with base URI file:/home/nisreen/Documents/courses/coursera/recommender/Nearest_Neighbor_Collaborative%20Filtering-20191123T170937Z-001/Nearest_Neighbor_Collaborative%20Filtering/projects/uu-assignment/data/movielens.yml
19:53:12.997 DEBUG [main] org.lenskit.data.dao.file.TextEntitySource: resolved file URI: file:/home/nisreen/Documents/courses/coursera/recommender/Nearest_Neighbor_Collaborative%20Filtering-20191123T170937Z-001/Nearest_Neighbor_Collaborative%20Filtering/projects/uu-assignment/data/movies.csv
19:53:12.997 INFO [main] org.lenskit.data.dao.file.TextEntitySource: loading text file source movies to read from file:/home/nisreen/Documents/courses/coursera/recommender/Nearest_Neighbor_Collaborative%20Filtering-20191123T170937Z-001/Nearest_Neighbor_Collaborative%20Filtering/projects/uu-assignment/data/movies.csv
19:53:12.997 DEBUG [main] org.lenskit.data.dao.file.TextEntitySource: movies: using delimiter ,
19:53:12.997 DEBUG [main] org.lenskit.data.dao.file.TextEntitySource: movies: reading header
19:53:12.997 DEBUG [main] org.lenskit.data.dao.file.TextEntitySource: movies: reading entities of type EntityType[item]
19:53:12.997 DEBUG [main] org.lenskit.data.dao.file.TextEntitySource: class org.lenskit.data.entities.BasicEntityBuilder: using entity builder {}
19:53:12.997 DEBUG [main] org.lenskit.data.dao.file.TextEntitySource: loading source tags with base URI file:/home/nisreen/Documents/courses/coursera/recommender/Nearest_Neighbor_Collaborative%20Filtering-20191123T170937Z-001/Nearest_Neighbor_Collaborative%20Filtering/projects/uu-assignment/data/movielens.yml
19:53:12.997 DEBUG [main] org.lenskit.data.dao.file.TextEntitySource: resolved file URI: file:/home/nisreen/Documents/courses/coursera/recommender/Nearest_Neighbor_Collaborative%20Filtering-20191123T170937Z-001/Nearest_Neighbor_Collaborative%20Filtering/projects/uu-assignment/data/tags.csv
19:53:12.998 INFO [main] org.lenskit.data.dao.file.TextEntitySource: loading text file source tags to read from file:/home/nisreen/Documents/courses/coursera/recommender/Nearest_Neighbor_Collaborative%20Filtering-20191123T170937Z-001/Nearest_Neighbor_Collaborative%20Filtering/projects/uu-assignment/data/tags.csv
19:53:12.998 DEBUG [main] org.lenskit.data.dao.file.TextEntitySource: tags: using delimiter ,
19:53:12.998 DEBUG [main] org.lenskit.data.dao.file.TextEntitySource: tags: reading header
19:53:12.998 DEBUG [main] org.lenskit.data.dao.file.TextEntitySource: tags: reading entities of type EntityType[item-tag]
19:53:12.998 DEBUG [main] org.lenskit.data.dao.file.TextEntitySource: class org.lenskit.data.entities.BasicEntityBuilder: using entity builder {}
19:53:13.002 DEBUG [main] org.lenskit.LenskitRecommenderEngineBuilder: building graph from 3 configurations
19:53:13.100 DEBUG [main] org.lenskit.inject.RecommenderInstantiator: replacing nodes in graph with 17 nodes
19:53:13.102 DEBUG [main] org.lenskit.inject.RecommenderInstantiator: found 6 shared nodes
19:53:14.036 INFO [main] org.lenskit.data.dao.file.StaticDataSource: deriving entity type EntityType[user] from EntityType[rating] (column TypedName[user: long])
19:53:14.104 INFO [main] org.lenskit.data.dao.file.StaticDataSource: deriving entity type EntityType[item] from EntityType[rating] (column TypedName[item: long])
19:53:14.129 DEBUG [main] org.lenskit.data.entities.EntityCollectionBuilder: built collection of 2500 entities with type EntityType[item] and 2 indexes
19:53:14.149 DEBUG [main] org.lenskit.data.entities.EntityCollectionBuilder: built collection of 264505 entities with type EntityType[rating] and 2 indexes
19:53:14.156 DEBUG [main] org.lenskit.data.entities.EntityCollectionBuilder: built collection of 94875 entities with type EntityType[item-tag] and 2 indexes
19:53:14.157 DEBUG [main] org.lenskit.data.entities.EntityCollectionBuilder: built collection of 862 entities with type EntityType[user] and 2 indexes
19:53:14.213 INFO [main] org.lenskit.data.ratings.RatingSummaryProvider: summarized 2500 items with 264505 ratings
19:53:14.241 DEBUG [main] org.lenskit.inject.RecommenderInstantiator: final graph has 17 nodes
19:53:14.243 INFO [main] org.lenskit.cli.util.RecommenderLoader: built recommender in 1.241 s
19:53:14.250 INFO [main] org.lenskit.cli.commands.Recommend: recommending for 1 users
19:53:14.253 DEBUG [main] org.lenskit.basic.TopNItemRecommender: computing effective candidates for user 320 from 2500 candidates and 62 excluded items
19:53:14.255 DEBUG [main] org.lenskit.basic.TopNItemRecommender: Computing -1 recommendations for user 320 from 2438 candidates
19:54:21.066 DEBUG [main] org.lenskit.basic.TopNItemRecommender: computing effective candidates for user 320 from 2500 candidates and 62 excluded items
19:54:21.066 DEBUG [main] org.lenskit.basic.TopNItemRecommender: Computing -1 recommendations for user 320 from 2438 candidates
19:54:21.068 DEBUG [main] org.lenskit.hybrid.RankBlendingItemRecommender: recommending for user 10 with 2438 left and 2438 right recommendations
19:54:21.080 INFO [main] org.lenskit.cli.commands.Recommend: recommended for 1 users in 1.114 min
19:54:21.080 INFO [main] org.lenskit.cli.Main: If you use LensKit in published research, please see http://lenskit.org/research/
